
Showing logs for build [32mcb-kubecd-environment-pr-184-34-vj6l6-1[0m stage [32mfrom-build-pack[0m and container [32mstep-credential-initializer-kjtcj[0m
{"level":"warn","ts":1584530240.212104,"logger":"fallback-logger","caller":"logging/config.go:69","msg":"Fetch GitHub commit ID from kodata failed: \"ref: refs/heads/0.8.0-**-support-backwards-incompats\" is not a valid GitHub commit ID"}
{"level":"info","ts":1584530240.2126396,"logger":"fallback-logger","caller":"creds-init/main.go:40","msg":"Credentials initialized."}

Showing logs for build [32mcb-kubecd-environment-pr-184-34-vj6l6-1[0m stage [32mfrom-build-pack[0m and container [32mstep-working-dir-initializer-zqn69[0m
{"level":"warn","ts":1584530241.5801384,"logger":"fallback-logger","caller":"logging/config.go:69","msg":"Fetch GitHub commit ID from kodata failed: open /var/run/ko/HEAD: no such file or directory"}
{"level":"info","ts":1584530241.5819278,"logger":"fallback-logger","caller":"bash/main.go:64","msg":"Successfully executed command \"sh -c mkdir -p /workspace/source\"; output "}

Showing logs for build [32mcb-kubecd-environment-pr-184-34-vj6l6-1[0m stage [32mfrom-build-pack[0m and container [32mstep-place-tools[0m

Showing logs for build [32mcb-kubecd-environment-pr-184-34-vj6l6-1[0m stage [32mfrom-build-pack[0m and container [32mstep-git-source-cb-kubecd-environment-pr-184-34-vj6l6-vmxb8[0m
{"level":"warn","ts":1584530246.7328415,"logger":"fallback-logger","caller":"logging/config.go:69","msg":"Fetch GitHub commit ID from kodata failed: \"ref: refs/heads/0.8.0-**-support-backwards-incompats\" is not a valid GitHub commit ID"}
{"level":"info","ts":1584530247.7714658,"logger":"fallback-logger","caller":"git/git.go:103","msg":"Successfully cloned https://github.com/cb-kubecd/environment-pr-184-34-boot-gke-staging.git @ master in path /workspace/source"}

Showing logs for build [32mcb-kubecd-environment-pr-184-34-vj6l6-1[0m stage [32mfrom-build-pack[0m and container [32mstep-git-merge[0m
Using SHAs from PULL_REFS=master:9ff192d1336183d4fae6b33250f6ad13ef89e844,4:99f45ebae6ad5d5f8fc42ee169a597190fec6ada
DEBUG: LC_ALL=C JX_LOG_LEVEL=error git fetch origin --unshallow 99f45ebae6ad5d5f8fc42ee169a597190fec6ada: 9ff192d1336183d4fae6b33250f6ad13ef89e844:
DEBUG: ran git fetch --unshallow origin 99f45ebae6ad5d5f8fc42ee169a597190fec6ada: 9ff192d1336183d4fae6b33250f6ad13ef89e844: in 
DEBUG: LC_ALL=C JX_LOG_LEVEL=error git branch
DEBUG: JX_LOG_LEVEL=error LC_ALL=C git checkout master
DEBUG: ran git checkout master in 
DEBUG: LC_ALL=C JX_LOG_LEVEL=error git reset --hard 9ff192d1336183d4fae6b33250f6ad13ef89e844
DEBUG: ran git reset --hard 9ff192d1336183d4fae6b33250f6ad13ef89e844 in 
DEBUG: LC_ALL=C JX_LOG_LEVEL=error git clean -fd .
DEBUG: ran clean --force -d . in 
DEBUG: LC_ALL=C JX_LOG_LEVEL=error git merge 99f45ebae6ad5d5f8fc42ee169a597190fec6ada
DEBUG: ran git merge 99f45ebae6ad5d5f8fc42ee169a597190fec6ada in 
DEBUG: LC_ALL=C JX_LOG_LEVEL=error git log --format=%H%x1f%an%x1f%ae%x1f%cn%x1f%ce%x1f%s%n%b%x1e 9ff192d1336183d4fae6b33250f6ad13ef89e844..HEAD
Merged SHA 99f45ebae6ad5d5f8fc42ee169a597190fec6ada with commit message 'chore: Promote bdd-nh-1584528340 to version 0.0.1' into base branch master

Showing logs for build [32mcb-kubecd-environment-pr-184-34-vj6l6-1[0m stage [32mfrom-build-pack[0m and container [32mstep-build-helm-build[0m
WARNING: No $CHART_REPOSITORY defined so using the default value of: http://jenkins-x-chartmuseum:8080
Adding missing Helm repo: storage.googleapis.com https://storage.googleapis.com/chartmuseum.jenkins-x.io
WARNING: No secrets found on "helm/repos" due: reading the secret "helm/repos" from vault: no secret "helm/repos" not found in vault
Read credentials for https://storage.googleapis.com/chartmuseum.jenkins-x.io from vault helm/repos
Successfully added Helm repository storage.googleapis.com.
Adding missing Helm repo: jenkins-x-chartmuseum http://jenkins-x-chartmuseum:8080
WARNING: No secrets found on "helm/repos" due: reading the secret "helm/repos" from vault: no secret "helm/repos" not found in vault
Read credentials for http://jenkins-x-chartmuseum:8080 from vault helm/repos
Successfully added Helm repository jenkins-x-chartmuseum.
WARNING: No $CHART_REPOSITORY defined so using the default value of: http://jenkins-x-chartmuseum:8080
Adding missing Helm repo: chartmuseum.jenkins-x.io http://chartmuseum.jenkins-x.io
WARNING: No secrets found on "helm/repos" due: reading the secret "helm/repos" from vault: no secret "helm/repos" not found in vault
Read credentials for http://chartmuseum.jenkins-x.io from vault helm/repos
Successfully added Helm repository chartmuseum.jenkins-x.io.
